0000000       --------  #
0000000       --------  #   99 bottles of beer
0000000       --------  #
0000000       --------  ;
0000000       00000000  .	=	0
0000000       --------  ;
0000000       --------  ; HELLO WORLD starting at location 0
0000000       00000048  msg:	.data	72, 69, 76, 76, 79, 32, 87, 79, 82, 76, 68, 10
              00000045
              0000004C
              0000004C
              0000004F
              00000020
              00000057
              0000004F
              00000052
              0000004C
              00000044
              0000000A
000000C       --------  ; constants to use
000000C       00000000  C0:	.data	0
000000D       00000001  C1:	.data	1
000000E       0000000C  C12:	.data	12	; length of "HELLO WORLD" string
000000F       00000063  C99:	.data	99
0000010       --------  ;
0000010       --------  ; counters
0000010       00000001  i:	.res	1		; space for I
0000011       00000001  j:	.res	1		; space for J
0000012       00000001  k:	.res	1		; space for K
0000013       --------  ;
0000013       03FFFFFF  ir	=	0x3ffffff       ; input register
0000013       03FFFFFE  or      =       0x3fffffe       ; output register
0000013       --------  ;
0000013       00000100  .	=	0x100		; start code
0000100       --------  ;
0000100   01 0 0000010  	mov	i,C0		; i = 0
          00 0 000000C
0000102   01 0 3FFFFFE  DO:	mov	or,msg[i]	; do { output msg[i]
          00 1 0000000
              00000010
0000105   02 0 0000010  	add	i,C1		; i += 1
          00 0 000000D
0000107   07 0 0000010  	cmp	i,C12		; } while (i < 12)
          00 0 000000E
0000109   08 0 0000102  	jlt	DO		; goto DO
000010A   0C 0 0000000  EXIT:	hlt	0		; done
