0000000       --------  #
0000000       --------  # The primes program
0000000       --------  #
0000000       --------  ;
0000000       00000000  .	=	0
0000000       00000000  C0:	.data	0		; constant zero
0000001       00000001  C1:	.data	1		; constant 1
0000002       00000002  C2:	.data	2		; constant 2
0000003       --------  ;
0000003       00000001  N:	.res	1		; location for N
0000004       00000001  M:	.res	1		; location for M
0000005       00000001  K:	.res	1		; location for K
0000006       00000001  T:	.res	1		; location for T
0000007       --------  ;
0000007       03FFFFFF  ir	=	0x3ffffff	; input register
0000007       03FFFFFE  or	=	0x3fffffe	; output register
0000007       --------  ;
0000007       00000100  .	=	0x100		; start code
0000100       --------  ;
0000100   01 0 0000003  	mov	N,ir		; N := IR
          00 0 3FFFFFF
0000102   01 0 0000004  	mov	M,C2		; M := 2
          00 0 0000002
0000104   07 0 0000004  LOOP:	cmp	M,N		; if (M > N)
          00 0 0000003
0000106   0A 0 000011B  	jgt	STOP		; goto STOP
0000107       --------  ;
0000107   01 0 0000005  	mov	K,C2		; K := 2
          00 0 0000002
0000109       --------  ;
0000109   07 0 0000005  TRY:	cmp	K,M		; if (K < M)
          00 0 0000004
000010B   08 0 0000111  	jlt	CHECK		; goto CHECK
000010C       --------  ;
000010C   01 0 3FFFFFE  	mov	or,M		; OR := M
          00 0 0000004
000010E       --------  ;
000010E   02 0 0000004  CONT:	add	M,C1		; M := M + 1
          00 0 0000001
0000110   0B 0 0000104  	jmp	LOOP		; goto LOOP
0000111       --------  ;
0000111   01 0 0000006  CHECK:	mov	T,M		; T := M
          00 0 0000004
0000113   06 0 0000006  	rem	T,K		; T := M % K
          00 0 0000005
0000115   07 0 0000006  	cmp	T,C0		; if (T == 0)
          00 0 0000000
0000117   09 0 000010E  	jeq	CONT		; goto CONT
0000118       --------  ;
0000118   02 0 0000005  	add	K,C1		; K := K+1
          00 0 0000001
000011A   0B 0 0000109  	jmp	TRY		; goto TRY
000011B       --------  ;
000011B   0C 0 0000000  STOP:	hlt	0
